<?xml version="1.0" encoding="UTF-8"?>
<testng-results ignored="0" total="2" passed="1" failed="1" skipped="0">
  <reporter-output>
  </reporter-output>
  <suite started-at="2023-11-09T07:57:15 IST" name="Suite" finished-at="2023-11-09T07:58:02 IST" duration-ms="46784">
    <groups>
    </groups>
    <test started-at="2023-11-09T07:57:15 IST" name="Test" finished-at="2023-11-09T07:58:02 IST" duration-ms="46784">
      <class name="testscripts.regression.ValidateRegistrationUsingPOM">
        <test-method is-config="true" signature="setup(org.testng.ITestContext)[pri:0, instance:testscripts.regression.ValidateRegistrationUsingPOM@1a245833]" started-at="2023-11-09T07:57:38 IST" name="setup" finished-at="2023-11-09T07:57:53 IST" duration-ms="14302" status="PASS">
          <params>
            <param index="0">
              <value>
                <![CDATA[org.testng.TestRunner@7308c820]]>
              </value>
            </param>
          </params>
          <reporter-output>
          </reporter-output>
        </test-method> <!-- setup -->
        <test-method signature="validateRegistrationTest(java.util.HashMap)[pri:0, instance:testscripts.regression.ValidateRegistrationUsingPOM@1a245833]" started-at="2023-11-09T07:57:53 IST" name="validateRegistrationTest" data-provider="getData" finished-at="2023-11-09T07:57:58 IST" duration-ms="5787" status="FAIL">
          <params>
            <param index="0">
              <value>
                <![CDATA[{Expected Title=Adactin.com - New User Registration, Username=Ravi0111, Captcha Text=marbly, Confirm Password=Ravi123, Full Name=Ravi Kumar, Password=Ravi123, Email Address=ravi12@gmail.com}]]>
              </value>
            </param>
          </params>
          <exception class="java.lang.AssertionError">
            <message>
              <![CDATA[expected [true] but found [false]]]>
            </message>
            <full-stacktrace>
              <![CDATA[java.lang.AssertionError: expected [true] but found [false]
at org.testng.Assert.fail(Assert.java:111)
at org.testng.Assert.failNotEquals(Assert.java:1578)
at org.testng.Assert.assertTrue(Assert.java:57)
at org.testng.Assert.assertTrue(Assert.java:67)
at testscripts.regression.ValidateRegistrationUsingPOM.validateRegistrationTest(ValidateRegistrationUsingPOM.java:44)
at java.base/jdk.internal.reflect.NativeMethodAccessorImpl.invoke0(Native Method)
at java.base/jdk.internal.reflect.NativeMethodAccessorImpl.invoke(NativeMethodAccessorImpl.java:78)
at java.base/jdk.internal.reflect.DelegatingMethodAccessorImpl.invoke(DelegatingMethodAccessorImpl.java:43)
at java.base/java.lang.reflect.Method.invoke(Method.java:567)
at org.testng.internal.invokers.MethodInvocationHelper.invokeMethod(MethodInvocationHelper.java:139)
at org.testng.internal.invokers.TestInvoker.invokeMethod(TestInvoker.java:664)
at org.testng.internal.invokers.TestInvoker.invokeTestMethod(TestInvoker.java:227)
at org.testng.internal.invokers.MethodRunner.runInSequence(MethodRunner.java:50)
at org.testng.internal.invokers.TestInvoker$MethodInvocationAgent.invoke(TestInvoker.java:957)
at org.testng.internal.invokers.TestInvoker.invokeTestMethods(TestInvoker.java:200)
at org.testng.internal.invokers.TestMethodWorker.invokeTestMethods(TestMethodWorker.java:148)
at org.testng.internal.invokers.TestMethodWorker.run(TestMethodWorker.java:128)
at java.base/java.util.ArrayList.forEach(ArrayList.java:1511)
at org.testng.TestRunner.privateRun(TestRunner.java:848)
at org.testng.TestRunner.run(TestRunner.java:621)
at org.testng.SuiteRunner.runTest(SuiteRunner.java:443)
at org.testng.SuiteRunner.runSequentially(SuiteRunner.java:437)
at org.testng.SuiteRunner.privateRun(SuiteRunner.java:397)
at org.testng.SuiteRunner.run(SuiteRunner.java:336)
at org.testng.SuiteRunnerWorker.runSuite(SuiteRunnerWorker.java:52)
at org.testng.SuiteRunnerWorker.run(SuiteRunnerWorker.java:95)
at org.testng.TestNG.runSuitesSequentially(TestNG.java:1280)
at org.testng.TestNG.runSuitesLocally(TestNG.java:1200)
at org.testng.TestNG.runSuites(TestNG.java:1114)
at org.testng.TestNG.run(TestNG.java:1082)
at org.testng.remote.AbstractRemoteTestNG.run(AbstractRemoteTestNG.java:115)
at org.testng.remote.RemoteTestNG.initAndRun(RemoteTestNG.java:251)
at org.testng.remote.RemoteTestNG.main(RemoteTestNG.java:77)
]]>
            </full-stacktrace>
          </exception> <!-- java.lang.AssertionError -->
          <reporter-output>
          </reporter-output>
        </test-method> <!-- validateRegistrationTest -->
        <test-method is-config="true" signature="teardown()[pri:0, instance:testscripts.regression.ValidateRegistrationUsingPOM@1a245833]" started-at="2023-11-09T07:57:59 IST" name="teardown" finished-at="2023-11-09T07:58:02 IST" duration-ms="3260" status="PASS">
          <reporter-output>
          </reporter-output>
        </test-method> <!-- teardown -->
      </class> <!-- testscripts.regression.ValidateRegistrationUsingPOM -->
      <class name="testscripts.regression.ValidateLoginUsingPOM2">
        <test-method is-config="true" signature="filesRead()[pri:0, instance:testscripts.regression.ValidateLoginUsingPOM2@71075444]" started-at="2023-11-09T07:57:15 IST" name="filesRead" finished-at="2023-11-09T07:57:16 IST" duration-ms="434" status="PASS">
          <reporter-output>
          </reporter-output>
        </test-method> <!-- filesRead -->
        <test-method is-config="true" signature="setup(org.testng.ITestContext)[pri:0, instance:testscripts.regression.ValidateLoginUsingPOM2@71075444]" started-at="2023-11-09T07:57:17 IST" name="setup" finished-at="2023-11-09T07:57:30 IST" duration-ms="13788" status="PASS">
          <params>
            <param index="0">
              <value>
                <![CDATA[org.testng.TestRunner@7308c820]]>
              </value>
            </param>
          </params>
          <reporter-output>
          </reporter-output>
        </test-method> <!-- setup -->
        <test-method signature="validateLoginTest(java.util.HashMap)[pri:0, instance:testscripts.regression.ValidateLoginUsingPOM2@71075444]" started-at="2023-11-09T07:57:30 IST" name="validateLoginTest" data-provider="getData" finished-at="2023-11-09T07:57:35 IST" duration-ms="4478" status="PASS">
          <params>
            <param index="0">
              <value>
                <![CDATA[{Expected Title=Adactin.com - Search Hotel, password=reyaz123, username=reyaz009}]]>
              </value>
            </param>
          </params>
          <reporter-output>
          </reporter-output>
        </test-method> <!-- validateLoginTest -->
        <test-method is-config="true" signature="teardown()[pri:0, instance:testscripts.regression.ValidateLoginUsingPOM2@71075444]" started-at="2023-11-09T07:57:35 IST" name="teardown" finished-at="2023-11-09T07:57:38 IST" duration-ms="3262" status="PASS">
          <reporter-output>
          </reporter-output>
        </test-method> <!-- teardown -->
        <test-method is-config="true" signature="closeReports()[pri:0, instance:testscripts.regression.ValidateLoginUsingPOM2@71075444]" started-at="2023-11-09T07:58:02 IST" name="closeReports" finished-at="2023-11-09T07:58:02 IST" duration-ms="266" status="PASS">
          <reporter-output>
          </reporter-output>
        </test-method> <!-- closeReports -->
      </class> <!-- testscripts.regression.ValidateLoginUsingPOM2 -->
    </test> <!-- Test -->
  </suite> <!-- Suite -->
</testng-results>
